<?xml version="1.0" encoding="UTF-8"?>
<!-- Generated by org.testng.reporters.JUnitReportReporter -->
<testsuite skipped="0" hostname="Admins-MacBook-Pro-2.local" name="com.amazon.tests.AmazonEndToEndFlow" tests="1" failures="0" timestamp="18 Aug 2018 03:56:14 GMT" time="0.490" errors="0">
  <testcase name="login" time="0.490" classname="com.amazon.tests.AmazonEndToEndFlow"/>
</testsuite> <!-- com.amazon.tests.AmazonEndToEndFlow -->
