<?xml version="1.0" encoding="UTF-8"?>
<!-- Generated by org.testng.reporters.JUnitReportReporter -->
<testsuite skipped="0" hostname="Admins-MacBook-Pro-2.local" name="com.amazon.tests.TC001_AllMob" tests="1" failures="0" timestamp="18 Aug 2018 05:13:00 GMT" time="46.113" errors="0">
  <testcase name="login" time="46.113" classname="com.amazon.tests.TC001_AllMob"/>
</testsuite> <!-- com.amazon.tests.TC001_AllMob -->
